<?xml version="1.0" encoding="UTF-8"?>
<testsuite name="demo.RxTest" tests="1" skipped="0" failures="0" errors="0" timestamp="2020-11-04T04:35:25" hostname="miniui-MacBookPro.local" time="0.068">
  <properties/>
  <testcase name="dependent" classname="demo.RxTest" time="0.068"/>
  <system-out><![CDATA[]]></system-out>
  <system-err><![CDATA[]]></system-err>
</testsuite>
